<?xml version="1.0" encoding="UTF-8"?>
<testng-results ignored="0" total="2" passed="2" failed="0" skipped="0">
  <reporter-output>
  </reporter-output>
  <suite started-at="2021-04-10T18:06:20 IST" name="Default suite" finished-at="2021-04-10T18:06:49 IST" duration-ms="29168">
    <groups>
    </groups>
    <test started-at="2021-04-10T18:06:20 IST" name="Default test" finished-at="2021-04-10T18:06:49 IST" duration-ms="29168">
      <class name="com.Tata.Nexon.suites.SampleSuiteITest">
        <test-method is-config="true" signature="LaunchBrowser()[pri:0, instance:com.Tata.Nexon.suites.SampleSuiteITest@25084a1e]" started-at="2021-04-10T18:06:20 IST" name="LaunchBrowser" finished-at="2021-04-10T18:06:29 IST" duration-ms="9109" status="PASS">
          <reporter-output>
          </reporter-output>
        </test-method> <!-- LaunchBrowser -->
        <test-method is-config="true" signature="ReportStart()[pri:0, instance:com.Tata.Nexon.suites.SampleSuiteITest@25084a1e]" started-at="2021-04-10T18:06:29 IST" name="ReportStart" finished-at="2021-04-10T18:06:29 IST" duration-ms="320" status="PASS">
          <reporter-output>
          </reporter-output>
        </test-method> <!-- ReportStart -->
        <test-method signature="Check2ndRun()[pri:0, instance:com.Tata.Nexon.suites.SampleSuiteITest@25084a1e]" started-at="2021-04-10T18:06:29 IST" name="Check2ndRun" finished-at="2021-04-10T18:06:29 IST" duration-ms="8" status="PASS">
          <reporter-output>
          </reporter-output>
        </test-method> <!-- Check2ndRun -->
        <test-method is-config="true" signature="getResult(org.testng.ITestResult)[pri:0, instance:com.Tata.Nexon.suites.SampleSuiteITest@25084a1e]" started-at="2021-04-10T18:06:29 IST" name="getResult" finished-at="2021-04-10T18:06:34 IST" duration-ms="4634" status="PASS">
          <params>
            <param index="0">
              <value>
                <![CDATA[[TestResult name=Check2ndRun status=SUCCESS method=SampleSuiteITest.Check2ndRun()[pri:0, instance:com.Tata.Nexon.suites.SampleSuiteITest@25084a1e] output={null}]]]>
              </value>
            </param>
          </params>
          <reporter-output>
          </reporter-output>
        </test-method> <!-- getResult -->
        <test-method is-config="true" signature="LaunchBrowser()[pri:0, instance:com.Tata.Nexon.suites.SampleSuiteITest@25084a1e]" started-at="2021-04-10T18:06:34 IST" name="LaunchBrowser" finished-at="2021-04-10T18:06:42 IST" duration-ms="8462" status="PASS">
          <reporter-output>
          </reporter-output>
        </test-method> <!-- LaunchBrowser -->
        <test-method is-config="true" signature="ReportStart()[pri:0, instance:com.Tata.Nexon.suites.SampleSuiteITest@25084a1e]" started-at="2021-04-10T18:06:42 IST" name="ReportStart" finished-at="2021-04-10T18:06:42 IST" duration-ms="3" status="PASS">
          <reporter-output>
          </reporter-output>
        </test-method> <!-- ReportStart -->
        <test-method signature="LogintoFlipKart()[pri:0, instance:com.Tata.Nexon.suites.SampleSuiteITest@25084a1e]" started-at="2021-04-10T18:06:42 IST" name="LogintoFlipKart" finished-at="2021-04-10T18:06:45 IST" duration-ms="2515" status="PASS">
          <reporter-output>
          </reporter-output>
        </test-method> <!-- LogintoFlipKart -->
        <test-method is-config="true" signature="getResult(org.testng.ITestResult)[pri:0, instance:com.Tata.Nexon.suites.SampleSuiteITest@25084a1e]" started-at="2021-04-10T18:06:45 IST" name="getResult" finished-at="2021-04-10T18:06:49 IST" duration-ms="4042" status="PASS">
          <params>
            <param index="0">
              <value>
                <![CDATA[[TestResult name=LogintoFlipKart status=SUCCESS method=SampleSuiteITest.LogintoFlipKart()[pri:0, instance:com.Tata.Nexon.suites.SampleSuiteITest@25084a1e] output={null}]]]>
              </value>
            </param>
          </params>
          <reporter-output>
          </reporter-output>
        </test-method> <!-- getResult -->
        <test-method is-config="true" signature="OpenReport()[pri:0, instance:com.Tata.Nexon.suites.SampleSuiteITest@25084a1e]" started-at="2021-04-10T18:06:49 IST" name="OpenReport" finished-at="2021-04-10T18:06:49 IST" duration-ms="21" status="PASS">
          <reporter-output>
          </reporter-output>
        </test-method> <!-- OpenReport -->
      </class> <!-- com.Tata.Nexon.suites.SampleSuiteITest -->
    </test> <!-- Default test -->
  </suite> <!-- Default suite -->
</testng-results>
