<?xml version="1.0" encoding="UTF-8"?>
<testng-results ignored="0" total="1" passed="1" failed="0" skipped="0">
  <reporter-output>
  </reporter-output>
  <suite started-at="2021-03-29T00:51:42 IST" name="Default suite" finished-at="2021-03-29T00:51:54 IST" duration-ms="12565">
    <groups>
    </groups>
    <test started-at="2021-03-29T00:51:42 IST" name="Default test" finished-at="2021-03-29T00:51:54 IST" duration-ms="12565">
      <class name="com.Tata.Nexon.suites.SampleSuiteITest">
        <test-method is-config="true" signature="LaunchBrowser()[pri:0, instance:com.Tata.Nexon.suites.SampleSuiteITest@32b260fa]" started-at="2021-03-29T00:51:42 IST" name="LaunchBrowser" finished-at="2021-03-29T00:51:53 IST" duration-ms="11651" status="PASS">
          <reporter-output>
          </reporter-output>
        </test-method> <!-- LaunchBrowser -->
        <test-method signature="LogintoFlipKart()[pri:0, instance:com.Tata.Nexon.suites.SampleSuiteITest@32b260fa]" started-at="2021-03-29T00:51:53 IST" name="LogintoFlipKart" finished-at="2021-03-29T00:51:54 IST" duration-ms="846" status="PASS">
          <reporter-output>
          </reporter-output>
        </test-method> <!-- LogintoFlipKart -->
        <test-method is-config="true" signature="TestClose()[pri:0, instance:com.Tata.Nexon.suites.SampleSuiteITest@32b260fa]" started-at="2021-03-29T00:51:54 IST" name="TestClose" finished-at="2021-03-29T00:51:54 IST" duration-ms="0" status="PASS">
          <reporter-output>
          </reporter-output>
        </test-method> <!-- TestClose -->
      </class> <!-- com.Tata.Nexon.suites.SampleSuiteITest -->
    </test> <!-- Default test -->
  </suite> <!-- Default suite -->
</testng-results>
