<?xml version="1.0" encoding="UTF-8"?>
<!-- Generated by org.testng.reporters.JUnitXMLReporter -->
<testsuite ignored="0" hostname="LAPTOP-ND2NTOLJ" failures="1" tests="1" name="Test" time="11.143" errors="0" timestamp="2021-03-29T00:37:09 IST">
  <testcase classname="com.Tata.Nexon.suites.SampleSuiteITest" name="LogintoFlipKart" time="0.013">
    <failure type="java.lang.Error" message="Unresolved compilation problem: 
	Unhandled exception type InterruptedException
">
      <![CDATA[java.lang.Error: Unresolved compilation problem: 
Unhandled exception type InterruptedException

at com.Tata.Nexon.suites.SampleSuiteITest.LogintoFlipKart(SampleSuiteITest.java:52)
at java.base/java.util.concurrent.ThreadPoolExecutor.runWorker(ThreadPoolExecutor.java:1130)
at java.base/java.util.concurrent.ThreadPoolExecutor$Worker.run(ThreadPoolExecutor.java:630)
at java.base/java.lang.Thread.run(Thread.java:832)
... Removed 12 stack frames]]>
    </failure>
  </testcase> <!-- LogintoFlipKart -->
</testsuite> <!-- Test -->
