<?xml version="1.0" encoding="UTF-8"?>
<!-- Generated by org.testng.reporters.JUnitXMLReporter -->
<testsuite ignored="0" hostname="LAPTOP-ND2NTOLJ" failures="0" tests="2" name="Test" time="8.872" errors="0" timestamp="2021-04-10T16:24:52 IST">
  <testcase classname="com.Tata.Nexon.BaseTest.BaseTest" name="@BeforeMethod LaunchBrowser" time="0.002">
    <failure type="java.lang.NullPointerException" message="key can&amp;apos;t be null">
      <![CDATA[java.lang.NullPointerException: key can't be null
at java.base/java.lang.System.checkKey(System.java:960)
at java.base/java.lang.System.setProperty(System.java:908)
at com.Tata.Nexon.BaseTest.BaseTest.LaunchBrowser(BaseTest.java:33)
at java.base/java.util.concurrent.ThreadPoolExecutor.runWorker(ThreadPoolExecutor.java:1130)
at java.base/java.util.concurrent.ThreadPoolExecutor$Worker.run(ThreadPoolExecutor.java:630)
at java.base/java.lang.Thread.run(Thread.java:832)
... Removed 16 stack frames]]>
    </failure>
  </testcase> <!-- @BeforeMethod LaunchBrowser -->
  <testcase classname="com.Tata.Nexon.BaseTest.BaseTest" name="@AfterMethod ReportEnd" time="-1.618052083602E9">
    <skipped/>
  </testcase> <!-- @AfterMethod ReportEnd -->
  <testcase classname="com.Tata.Nexon.BaseTest.BaseTest" name="@AfterMethod getResult" time="-1.618052083604E9">
    <skipped/>
  </testcase> <!-- @AfterMethod getResult -->
  <testcase classname="com.Tata.Nexon.BaseTest.BaseTest" name="@AfterMethod ReportEnd" time="-1.618052092218E9">
    <skipped/>
  </testcase> <!-- @AfterMethod ReportEnd -->
  <testcase classname="com.Tata.Nexon.BaseTest.BaseTest" name="@AfterMethod getResult" time="-1.61805209222E9">
    <skipped/>
  </testcase> <!-- @AfterMethod getResult -->
  <testcase classname="com.Tata.Nexon.suites.SampleSuiteITest" name="LogintoFlipKart" time="0.0">
    <skipped/>
  </testcase> <!-- LogintoFlipKart -->
  <testcase classname="com.Tata.Nexon.suites.SampleSuiteITest" name="Check2ndRun" time="0.0">
    <skipped/>
  </testcase> <!-- Check2ndRun -->
</testsuite> <!-- Test -->
